app/build/intermediates/manifest_merge_blame_file/debug/manifest-merger-blame-debug-report.txt
1<?xml version="1.0" encoding="utf-8"?>
2<manifest xmlns:android="http://schemas.android.com/apk/res/android"
3    package="com.example.uniapp"
4    android:versionCode="1"
5    android:versionName="1.0" >
6
7    <uses-sdk
8        android:minSdkVersion="28"
8-->src\main\AndroidManifest.xml
9        android:targetSdkVersion="32" />
9-->src\main\AndroidManifest.xml
10
11    <uses-permission android:name="android.permission.INTERNET" />
11-->src\main\AndroidManifest.xml:5:5-66
11-->src\main\AndroidManifest.xml:5:22-64
12    <uses-permission android:name="android.permission.RECEIVE_BOOT_COMPLETED" />
12-->src\main\AndroidManifest.xml:6:5-80
12-->src\main\AndroidManifest.xml:6:22-78
13    <uses-permission android:name="android.permission.ACCESS_NETWORK_STATE" />
13-->[com.google.firebase:firebase-auth:21.1.0] AndroidManifest.xml:24:5-79
13-->[com.google.firebase:firebase-auth:21.1.0] AndroidManifest.xml:24:22-76
14    <uses-permission android:name="android.permission.WAKE_LOCK" />
14-->[com.google.android.gms:play-services-measurement-api:21.2.0] AndroidManifest.xml:24:5-68
14-->[com.google.android.gms:play-services-measurement-api:21.2.0] AndroidManifest.xml:24:22-65
15    <uses-permission android:name="com.google.android.gms.permission.AD_ID" />
15-->[com.google.android.gms:play-services-measurement-api:21.2.0] AndroidManifest.xml:25:5-79
15-->[com.google.android.gms:play-services-measurement-api:21.2.0] AndroidManifest.xml:25:22-76
16    <uses-permission android:name="com.google.android.finsky.permission.BIND_GET_INSTALL_REFERRER_SERVICE" />
16-->[com.google.android.gms:play-services-measurement:21.2.0] AndroidManifest.xml:26:5-110
16-->[com.google.android.gms:play-services-measurement:21.2.0] AndroidManifest.xml:26:22-107
17
18    <application
18-->src\main\AndroidManifest.xml:7:5-60:19
19        android:allowBackup="true"
19-->src\main\AndroidManifest.xml:8:9-35
20        android:appComponentFactory="androidx.core.app.CoreComponentFactory"
20-->[androidx.core:core:1.8.0] AndroidManifest.xml:24:18-86
21        android:dataExtractionRules="@xml/data_extraction_rules"
21-->src\main\AndroidManifest.xml:9:9-65
22        android:debuggable="true"
23        android:extractNativeLibs="false"
24        android:fullBackupContent="@xml/backup_rules"
24-->src\main\AndroidManifest.xml:10:9-54
25        android:icon="@drawable/application_icon"
25-->src\main\AndroidManifest.xml:11:9-50
26        android:label="@string/app_name"
26-->src\main\AndroidManifest.xml:12:9-41
27        android:roundIcon="@drawable/application_icon"
27-->src\main\AndroidManifest.xml:13:9-55
28        android:supportsRtl="true"
28-->src\main\AndroidManifest.xml:14:9-35
29        android:testOnly="true"
30        android:theme="@style/Theme.UniApp" >
30-->src\main\AndroidManifest.xml:15:9-44
31        <service
31-->src\main\AndroidManifest.xml:17:9-20:60
32            android:name="com.example.uniapp.ArticleCheckService"
32-->src\main\AndroidManifest.xml:18:13-48
33            android:parentActivityName=".ProfileActivity"
33-->src\main\AndroidManifest.xml:20:13-58
34            android:permission="android.permission.BIND_JOB_SERVICE" />
34-->src\main\AndroidManifest.xml:19:13-69
35
36        <activity
36-->src\main\AndroidManifest.xml:21:9-32:20
37            android:name="com.example.uniapp.ThirdActivity"
37-->src\main\AndroidManifest.xml:22:13-42
38            android:exported="true"
38-->src\main\AndroidManifest.xml:23:13-36
39            android:parentActivityName="com.example.uniapp.SecondActivity" >
39-->src\main\AndroidManifest.xml:24:13-57
40            <intent-filter>
40-->src\main\AndroidManifest.xml:25:13-31:29
41                <action android:name="android.intent.action.VIEW" />
41-->src\main\AndroidManifest.xml:26:17-69
41-->src\main\AndroidManifest.xml:26:25-66
42
43                <category android:name="android.intent.category.DEFAULT" />
43-->src\main\AndroidManifest.xml:27:17-76
43-->src\main\AndroidManifest.xml:27:27-73
44                <category android:name="android.intent.category.BROWSABLE" />
44-->src\main\AndroidManifest.xml:28:17-78
44-->src\main\AndroidManifest.xml:28:27-75
45
46                <data android:scheme="http" />
46-->src\main\AndroidManifest.xml:29:17-47
46-->src\main\AndroidManifest.xml:29:23-44
47                <data android:scheme="https" />
47-->src\main\AndroidManifest.xml:29:17-47
47-->src\main\AndroidManifest.xml:29:23-44
48            </intent-filter>
49        </activity>
50        <activity
50-->src\main\AndroidManifest.xml:33:9-36:58
51            android:name="com.example.uniapp.SecondActivity"
51-->src\main\AndroidManifest.xml:34:13-43
52            android:exported="true"
52-->src\main\AndroidManifest.xml:35:13-36
53            android:parentActivityName="com.example.uniapp.MainActivity" />
53-->src\main\AndroidManifest.xml:36:13-55
54        <activity
54-->src\main\AndroidManifest.xml:37:9-40:59
55            android:name="com.example.uniapp.MainActivity"
55-->src\main\AndroidManifest.xml:38:13-41
56            android:exported="true"
56-->src\main\AndroidManifest.xml:39:13-36
57            android:parentActivityName="com.example.uniapp.LoginActivity" />
57-->src\main\AndroidManifest.xml:40:13-56
58        <activity
58-->src\main\AndroidManifest.xml:42:9-45:58
59            android:name="com.example.uniapp.ProfileActivity"
59-->src\main\AndroidManifest.xml:43:13-44
60            android:exported="true"
60-->src\main\AndroidManifest.xml:44:13-36
61            android:parentActivityName="com.example.uniapp.MainActivity" />
61-->src\main\AndroidManifest.xml:45:13-55
62        <activity
62-->src\main\AndroidManifest.xml:46:9-58:20
63            android:name="com.example.uniapp.LoginActivity"
63-->src\main\AndroidManifest.xml:47:13-42
64            android:exported="true" >
64-->src\main\AndroidManifest.xml:48:13-36
65            <intent-filter>
65-->src\main\AndroidManifest.xml:49:13-53:29
66                <action android:name="android.intent.action.MAIN" />
66-->src\main\AndroidManifest.xml:50:17-69
66-->src\main\AndroidManifest.xml:50:25-66
67
68                <category android:name="android.intent.category.LAUNCHER" />
68-->src\main\AndroidManifest.xml:52:17-77
68-->src\main\AndroidManifest.xml:52:27-74
69            </intent-filter>
70
71            <meta-data
71-->src\main\AndroidManifest.xml:55:13-57:36
72                android:name="android.app.lib_name"
72-->src\main\AndroidManifest.xml:56:17-52
73                android:value="" />
73-->src\main\AndroidManifest.xml:57:17-33
74        </activity>
75
76        <service
76-->[com.google.firebase:firebase-auth-ktx:21.1.0] AndroidManifest.xml:8:9-14:19
77            android:name="com.google.firebase.components.ComponentDiscoveryService"
77-->[com.google.firebase:firebase-auth-ktx:21.1.0] AndroidManifest.xml:9:13-84
78            android:directBootAware="true"
78-->[com.google.firebase:firebase-common:20.2.0] AndroidManifest.xml:34:13-43
79            android:exported="false" >
79-->[com.google.firebase:firebase-auth-ktx:21.1.0] AndroidManifest.xml:10:13-37
80            <meta-data
80-->[com.google.firebase:firebase-auth-ktx:21.1.0] AndroidManifest.xml:11:13-13:85
81                android:name="com.google.firebase.components:com.google.firebase.auth.ktx.FirebaseAuthKtxRegistrar"
81-->[com.google.firebase:firebase-auth-ktx:21.1.0] AndroidManifest.xml:12:17-116
82                android:value="com.google.firebase.components.ComponentRegistrar" />
82-->[com.google.firebase:firebase-auth-ktx:21.1.0] AndroidManifest.xml:13:17-82
83            <meta-data
83-->[com.google.firebase:firebase-database-ktx:20.1.0] AndroidManifest.xml:14:13-16:85
84                android:name="com.google.firebase.components:com.google.firebase.database.ktx.FirebaseDatabaseKtxRegistrar"
84-->[com.google.firebase:firebase-database-ktx:20.1.0] AndroidManifest.xml:15:17-124
85                android:value="com.google.firebase.components.ComponentRegistrar" />
85-->[com.google.firebase:firebase-database-ktx:20.1.0] AndroidManifest.xml:16:17-82
86            <meta-data
86-->[com.google.firebase:firebase-analytics-ktx:21.2.0] AndroidManifest.xml:11:13-13:85
87                android:name="com.google.firebase.components:com.google.firebase.analytics.ktx.FirebaseAnalyticsKtxRegistrar"
87-->[com.google.firebase:firebase-analytics-ktx:21.2.0] AndroidManifest.xml:12:17-126
88                android:value="com.google.firebase.components.ComponentRegistrar" />
88-->[com.google.firebase:firebase-analytics-ktx:21.2.0] AndroidManifest.xml:13:17-82
89            <meta-data
89-->[com.google.firebase:firebase-common-ktx:20.2.0] AndroidManifest.xml:14:13-16:85
90                android:name="com.google.firebase.components:com.google.firebase.ktx.FirebaseCommonKtxRegistrar"
90-->[com.google.firebase:firebase-common-ktx:20.2.0] AndroidManifest.xml:15:17-113
91                android:value="com.google.firebase.components.ComponentRegistrar" />
91-->[com.google.firebase:firebase-common-ktx:20.2.0] AndroidManifest.xml:16:17-82
92            <meta-data
92-->[com.google.firebase:firebase-auth:21.1.0] AndroidManifest.xml:67:13-69:85
93                android:name="com.google.firebase.components:com.google.firebase.auth.FirebaseAuthRegistrar"
93-->[com.google.firebase:firebase-auth:21.1.0] AndroidManifest.xml:68:17-109
94                android:value="com.google.firebase.components.ComponentRegistrar" />
94-->[com.google.firebase:firebase-auth:21.1.0] AndroidManifest.xml:69:17-82
95            <meta-data
95-->[com.google.firebase:firebase-database:20.1.0] AndroidManifest.xml:31:13-33:85
96                android:name="com.google.firebase.components:com.google.firebase.database.DatabaseRegistrar"
96-->[com.google.firebase:firebase-database:20.1.0] AndroidManifest.xml:32:17-109
97                android:value="com.google.firebase.components.ComponentRegistrar" />
97-->[com.google.firebase:firebase-database:20.1.0] AndroidManifest.xml:33:17-82
98            <meta-data
98-->[com.google.android.gms:play-services-measurement-api:21.2.0] AndroidManifest.xml:31:13-33:85
99                android:name="com.google.firebase.components:com.google.firebase.analytics.connector.internal.AnalyticsConnectorRegistrar"
99-->[com.google.android.gms:play-services-measurement-api:21.2.0] AndroidManifest.xml:32:17-139
100                android:value="com.google.firebase.components.ComponentRegistrar" />
100-->[com.google.android.gms:play-services-measurement-api:21.2.0] AndroidManifest.xml:33:17-82
101            <meta-data
101-->[com.google.firebase:firebase-installations:17.1.0] AndroidManifest.xml:17:13-19:85
102                android:name="com.google.firebase.components:com.google.firebase.installations.FirebaseInstallationsRegistrar"
102-->[com.google.firebase:firebase-installations:17.1.0] AndroidManifest.xml:18:17-127
103                android:value="com.google.firebase.components.ComponentRegistrar" />
103-->[com.google.firebase:firebase-installations:17.1.0] AndroidManifest.xml:19:17-82
104        </service>
105
106        <activity
106-->[com.google.firebase:firebase-auth:21.1.0] AndroidManifest.xml:27:9-44:20
107            android:name="com.google.firebase.auth.internal.GenericIdpActivity"
107-->[com.google.firebase:firebase-auth:21.1.0] AndroidManifest.xml:28:13-80
108            android:excludeFromRecents="true"
108-->[com.google.firebase:firebase-auth:21.1.0] AndroidManifest.xml:29:13-46
109            android:exported="true"
109-->[com.google.firebase:firebase-auth:21.1.0] AndroidManifest.xml:30:13-36
110            android:launchMode="singleTask"
110-->[com.google.firebase:firebase-auth:21.1.0] AndroidManifest.xml:31:13-44
111            android:theme="@android:style/Theme.Translucent.NoTitleBar" >
111-->[com.google.firebase:firebase-auth:21.1.0] AndroidManifest.xml:32:13-72
112            <intent-filter>
112-->[com.google.firebase:firebase-auth:21.1.0] AndroidManifest.xml:33:13-43:29
113                <action android:name="android.intent.action.VIEW" />
113-->src\main\AndroidManifest.xml:26:17-69
113-->src\main\AndroidManifest.xml:26:25-66
114
115                <category android:name="android.intent.category.DEFAULT" />
115-->src\main\AndroidManifest.xml:27:17-76
115-->src\main\AndroidManifest.xml:27:27-73
116                <category android:name="android.intent.category.BROWSABLE" />
116-->src\main\AndroidManifest.xml:28:17-78
116-->src\main\AndroidManifest.xml:28:27-75
117
118                <data
118-->src\main\AndroidManifest.xml:29:17-47
119                    android:host="firebase.auth"
120                    android:path="/"
121                    android:scheme="genericidp" />
121-->src\main\AndroidManifest.xml:29:23-44
122            </intent-filter>
123        </activity>
124        <activity
124-->[com.google.firebase:firebase-auth:21.1.0] AndroidManifest.xml:45:9-62:20
125            android:name="com.google.firebase.auth.internal.RecaptchaActivity"
125-->[com.google.firebase:firebase-auth:21.1.0] AndroidManifest.xml:46:13-79
126            android:excludeFromRecents="true"
126-->[com.google.firebase:firebase-auth:21.1.0] AndroidManifest.xml:47:13-46
127            android:exported="true"
127-->[com.google.firebase:firebase-auth:21.1.0] AndroidManifest.xml:48:13-36
128            android:launchMode="singleTask"
128-->[com.google.firebase:firebase-auth:21.1.0] AndroidManifest.xml:49:13-44
129            android:theme="@android:style/Theme.Translucent.NoTitleBar" >
129-->[com.google.firebase:firebase-auth:21.1.0] AndroidManifest.xml:50:13-72
130            <intent-filter>
130-->[com.google.firebase:firebase-auth:21.1.0] AndroidManifest.xml:51:13-61:29
131                <action android:name="android.intent.action.VIEW" />
131-->src\main\AndroidManifest.xml:26:17-69
131-->src\main\AndroidManifest.xml:26:25-66
132
133                <category android:name="android.intent.category.DEFAULT" />
133-->src\main\AndroidManifest.xml:27:17-76
133-->src\main\AndroidManifest.xml:27:27-73
134                <category android:name="android.intent.category.BROWSABLE" />
134-->src\main\AndroidManifest.xml:28:17-78
134-->src\main\AndroidManifest.xml:28:27-75
135
136                <data
136-->src\main\AndroidManifest.xml:29:17-47
137                    android:host="firebase.auth"
138                    android:path="/"
139                    android:scheme="recaptcha" />
139-->src\main\AndroidManifest.xml:29:23-44
140            </intent-filter>
141        </activity>
142
143        <provider
143-->[com.google.firebase:firebase-common:20.2.0] AndroidManifest.xml:25:9-30:39
144            android:name="com.google.firebase.provider.FirebaseInitProvider"
144-->[com.google.firebase:firebase-common:20.2.0] AndroidManifest.xml:26:13-77
145            android:authorities="com.example.uniapp.firebaseinitprovider"
145-->[com.google.firebase:firebase-common:20.2.0] AndroidManifest.xml:27:13-72
146            android:directBootAware="true"
146-->[com.google.firebase:firebase-common:20.2.0] AndroidManifest.xml:28:13-43
147            android:exported="false"
147-->[com.google.firebase:firebase-common:20.2.0] AndroidManifest.xml:29:13-37
148            android:initOrder="100" />
148-->[com.google.firebase:firebase-common:20.2.0] AndroidManifest.xml:30:13-36
149
150        <activity
150-->[com.google.android.gms:play-services-base:18.0.1] AndroidManifest.xml:20:9-22:45
151            android:name="com.google.android.gms.common.api.GoogleApiActivity"
151-->[com.google.android.gms:play-services-base:18.0.1] AndroidManifest.xml:20:19-85
152            android:exported="false"
152-->[com.google.android.gms:play-services-base:18.0.1] AndroidManifest.xml:22:19-43
153            android:theme="@android:style/Theme.Translucent.NoTitleBar" />
153-->[com.google.android.gms:play-services-base:18.0.1] AndroidManifest.xml:21:19-78
154
155        <receiver
155-->[com.google.android.gms:play-services-measurement:21.2.0] AndroidManifest.xml:29:9-33:20
156            android:name="com.google.android.gms.measurement.AppMeasurementReceiver"
156-->[com.google.android.gms:play-services-measurement:21.2.0] AndroidManifest.xml:30:13-85
157            android:enabled="true"
157-->[com.google.android.gms:play-services-measurement:21.2.0] AndroidManifest.xml:31:13-35
158            android:exported="false" >
158-->[com.google.android.gms:play-services-measurement:21.2.0] AndroidManifest.xml:32:13-37
159        </receiver>
160
161        <service
161-->[com.google.android.gms:play-services-measurement:21.2.0] AndroidManifest.xml:35:9-38:40
162            android:name="com.google.android.gms.measurement.AppMeasurementService"
162-->[com.google.android.gms:play-services-measurement:21.2.0] AndroidManifest.xml:36:13-84
163            android:enabled="true"
163-->[com.google.android.gms:play-services-measurement:21.2.0] AndroidManifest.xml:37:13-35
164            android:exported="false" />
164-->[com.google.android.gms:play-services-measurement:21.2.0] AndroidManifest.xml:38:13-37
165        <service
165-->[com.google.android.gms:play-services-measurement:21.2.0] AndroidManifest.xml:39:9-43:72
166            android:name="com.google.android.gms.measurement.AppMeasurementJobService"
166-->[com.google.android.gms:play-services-measurement:21.2.0] AndroidManifest.xml:40:13-87
167            android:enabled="true"
167-->[com.google.android.gms:play-services-measurement:21.2.0] AndroidManifest.xml:41:13-35
168            android:exported="false"
168-->[com.google.android.gms:play-services-measurement:21.2.0] AndroidManifest.xml:42:13-37
169            android:permission="android.permission.BIND_JOB_SERVICE" />
169-->[com.google.android.gms:play-services-measurement:21.2.0] AndroidManifest.xml:43:13-69
170
171        <meta-data
171-->[com.google.android.gms:play-services-basement:18.1.0] AndroidManifest.xml:21:9-23:69
172            android:name="com.google.android.gms.version"
172-->[com.google.android.gms:play-services-basement:18.1.0] AndroidManifest.xml:22:13-58
173            android:value="@integer/google_play_services_version" />
173-->[com.google.android.gms:play-services-basement:18.1.0] AndroidManifest.xml:23:13-66
174
175        <provider
175-->[com.squareup.picasso:picasso:2.71828] AndroidManifest.xml:8:9-11:40
176            android:name="com.squareup.picasso.PicassoProvider"
176-->[com.squareup.picasso:picasso:2.71828] AndroidManifest.xml:9:13-64
177            android:authorities="com.example.uniapp.com.squareup.picasso"
177-->[com.squareup.picasso:picasso:2.71828] AndroidManifest.xml:10:13-72
178            android:exported="false" />
178-->[com.squareup.picasso:picasso:2.71828] AndroidManifest.xml:11:13-37
179        <provider
179-->[androidx.emoji2:emoji2:1.2.0] AndroidManifest.xml:24:9-32:20
180            android:name="androidx.startup.InitializationProvider"
180-->[androidx.emoji2:emoji2:1.2.0] AndroidManifest.xml:25:13-67
181            android:authorities="com.example.uniapp.androidx-startup"
181-->[androidx.emoji2:emoji2:1.2.0] AndroidManifest.xml:26:13-68
182            android:exported="false" >
182-->[androidx.emoji2:emoji2:1.2.0] AndroidManifest.xml:27:13-37
183            <meta-data
183-->[androidx.emoji2:emoji2:1.2.0] AndroidManifest.xml:29:13-31:52
184                android:name="androidx.emoji2.text.EmojiCompatInitializer"
184-->[androidx.emoji2:emoji2:1.2.0] AndroidManifest.xml:30:17-75
185                android:value="androidx.startup" />
185-->[androidx.emoji2:emoji2:1.2.0] AndroidManifest.xml:31:17-49
186            <meta-data
186-->[androidx.lifecycle:lifecycle-process:2.4.1] AndroidManifest.xml:31:13-33:52
187                android:name="androidx.lifecycle.ProcessLifecycleInitializer"
187-->[androidx.lifecycle:lifecycle-process:2.4.1] AndroidManifest.xml:32:17-78
188                android:value="androidx.startup" />
188-->[androidx.lifecycle:lifecycle-process:2.4.1] AndroidManifest.xml:33:17-49
189        </provider>
190    </application>
191
192</manifest>